<?xml version="1.0" encoding="UTF-8"?>
<!-- Generated by org.testng.reporters.JUnitReportReporter -->
<testsuite hostname="DESKTOP-U9OF67V" name="com.trivago.test.LocationSelectionTest" tests="1" failures="0" timestamp="2 Jan 2019 15:37:52 GMT" time="0.001" errors="0">
  <testcase name="verifyLocationSelection" time="0.001" classname="com.trivago.test.LocationSelectionTest"/>
</testsuite> <!-- com.trivago.test.LocationSelectionTest -->
