<?xml version="1.0" encoding="UTF-8"?>
<!-- Generated by org.testng.reporters.JUnitReportReporter -->
<testsuite hostname="DESKTOP-U9OF67V" name="com.trivago.test.SearchByLocationTest" tests="1" failures="0" timestamp="26 Aug 2018 15:04:21 GMT" time="2.049" errors="0">
  <testcase name="searchLocation" time="2.049" classname="com.trivago.test.SearchByLocationTest"/>
</testsuite> <!-- com.trivago.test.SearchByLocationTest -->
