<?xml version="1.0" encoding="UTF-8"?>
<!-- Generated by org.testng.reporters.JUnitReportReporter -->
<testsuite hostname="DESKTOP-U9OF67V" name="com.trivago.test.MostSearchedTagTest" tests="1" failures="0" timestamp="26 Aug 2018 15:04:21 GMT" time="0.040" errors="0">
  <testcase name="verifySearchByMostSearchedTag" time="0.040" classname="com.trivago.test.MostSearchedTagTest"/>
</testsuite> <!-- com.trivago.test.MostSearchedTagTest -->
