<?xml version="1.0" encoding="UTF-8"?>
<!-- Generated by org.testng.reporters.JUnitReportReporter -->
<testsuite hostname="DESKTOP-U9OF67V" name="com.trivago.test.NavigateToDestinationTest" tests="1" failures="0" timestamp="26 Aug 2018 15:04:21 GMT" time="0.308" errors="0">
  <testcase name="VerifyNavigateDestination" time="0.308" classname="com.trivago.test.NavigateToDestinationTest"/>
</testsuite> <!-- com.trivago.test.NavigateToDestinationTest -->
