<?xml version="1.0" encoding="UTF-8"?>
<!-- Generated by org.testng.reporters.JUnitReportReporter -->
<testsuite hostname="DESKTOP-U9OF67V" name="com.trivago.test.ContactUsTest" tests="1" failures="0" timestamp="26 Aug 2018 15:04:21 GMT" time="2.121" errors="0">
  <testcase name="verifyContactUs" time="2.121" classname="com.trivago.test.ContactUsTest"/>
</testsuite> <!-- com.trivago.test.ContactUsTest -->
