<?xml version="1.0" encoding="UTF-8"?>
<!-- Generated by org.testng.reporters.JUnitReportReporter -->
<testsuite hostname="DESKTOP-U9OF67V" name="com.trivago.test.LocationSelectionTest" tests="1" failures="0" timestamp="26 Aug 2018 15:04:21 GMT" time="22.908" errors="0">
  <testcase name="verifyLocationSelection" time="22.908" classname="com.trivago.test.LocationSelectionTest"/>
</testsuite> <!-- com.trivago.test.LocationSelectionTest -->
