<?xml version="1.0" encoding="UTF-8"?>
<!-- Generated by org.testng.reporters.JUnitReportReporter -->
<testsuite hostname="DESKTOP-U9OF67V" name="com.trivago.test.SubscribeNewsletterTest" tests="1" failures="0" timestamp="26 Aug 2018 15:04:21 GMT" time="0.481" errors="0">
  <testcase name="verifySubscribeNewsletter" time="0.481" classname="com.trivago.test.SubscribeNewsletterTest"/>
</testsuite> <!-- com.trivago.test.SubscribeNewsletterTest -->
